. regress syst age bmi alc

      Source |       SS           df       MS      Number of obs   =    69,729
-------------+----------------------------------   F(3, 69725)     =     29.37
       Model |  2095081.34         3  698360.447   Prob > F        =    0.0000
    Residual |  1.6581e+09    69,725  23780.5385   R-squared       =    0.0013
-------------+----------------------------------   Adj R-squared   =    0.0012
       Total |  1.6602e+09    69,728  23809.5619   Root MSE        =    154.21

------------------------------------------------------------------------------
        syst | Coefficient  Std. err.      t    P>|t|     [95% conf. interval]
-------------+----------------------------------------------------------------
         age |   .4103236   .0868718     4.72   0.000     .2400551    .5805922
         bmi |   .8668589   .1167851     7.42   0.000     .6379603    1.095757
         alc |   3.114514   1.232028     2.53   0.011     .6997407    5.529287
       _cons |   82.05503   5.435165    15.10   0.000     71.40212    92.70794
------------------------------------------------------------------------------

. regress syst age bmi alc, robust

Linear regression                               Number of obs     =     69,729
                                                F(3, 69725)       =      34.76
                                                Prob > F          =     0.0000
                                                R-squared         =     0.0013
                                                Root MSE          =     154.21

------------------------------------------------------------------------------
             |               Robust
        syst | Coefficient  std. err.      t    P>|t|     [95% conf. interval]
-------------+----------------------------------------------------------------
         age |   .4103236   .0768574     5.34   0.000     .2596833     .560964
         bmi |   .8668589     .11124     7.79   0.000     .6488287    1.084889
         alc |   3.114514    1.16409     2.68   0.007     .8328995    5.396129
       _cons |   82.05503   5.751526    14.27   0.000     70.78205    93.32801
------------------------------------------------------------------------------

. regress syst age age2 bmi alc

      Source |       SS           df       MS      Number of obs   =    69,729
-------------+----------------------------------   F(4, 69724)     =     22.13
       Model |  2105415.98         4  526353.994   Prob > F        =    0.0000
    Residual |  1.6581e+09    69,724  23780.7314   R-squared       =    0.0013
-------------+----------------------------------   Adj R-squared   =    0.0012
       Total |  1.6602e+09    69,728  23809.5619   Root MSE        =    154.21

------------------------------------------------------------------------------
        syst | Coefficient  Std. err.      t    P>|t|     [95% conf. interval]
-------------+----------------------------------------------------------------
         age |   1.258094   1.288937     0.98   0.329    -1.268221    3.784408
        age2 |  -.0081036   .0122926    -0.66   0.510     -.032197    .0159898
         bmi |   .8661305   .1167908     7.42   0.000     .6372208     1.09504
         alc |   3.137875   1.232543     2.55   0.011     .7220933    5.553657
       _cons |   60.27302   33.48579     1.80   0.072    -5.359074    125.9051
------------------------------------------------------------------------------

. test age=age2=0

 ( 1)  age - age2 = 0
 ( 2)  age = 0

       F(  2, 69724) =   11.37
            Prob > F =    0.0000
